{"nbformat":4,"nbformat_minor":0,"metadata":{"colab":{"name":"fastresnet","provenance":[],"mount_file_id":"1Re4JyMua5YNDCdP2u0o8r5iltg0Q4Ijy","authorship_tag":"ABX9TyNdtDKhHFYT4aph3PkAj0/+"},"kernelspec":{"name":"python3","display_name":"Python 3"},"language_info":{"name":"python"},"accelerator":"GPU"},"cells":[{"cell_type":"code","source":["pip install pytube"],"metadata":{"colab":{"base_uri":"https://localhost:8080/"},"id":"zthYIVa_3fQu","executionInfo":{"status":"ok","timestamp":1654197831723,"user_tz":-330,"elapsed":4712,"user":{"displayName":"Sahan Ediriweera","userId":"10749579122675065975"}},"outputId":"586a0b83-4351-4b2a-c428-5d55e165887f"},"execution_count":null,"outputs":[{"output_type":"stream","name":"stdout","text":["Looking in indexes: https://pypi.org/simple, https://us-python.pkg.dev/colab-wheels/public/simple/\n","Collecting pytube\n","  Downloading pytube-12.1.0-py3-none-any.whl (56 kB)\n","\u001b[K     |████████████████████████████████| 56 kB 2.6 MB/s \n","\u001b[?25hInstalling collected packages: pytube\n","Successfully installed pytube-12.1.0\n"]}]},{"cell_type":"code","source":["from pytube import YouTube\n","import os\n","\n","def downloadYouTube(videourl, path):\n","\n","    yt = YouTube(videourl)\n","    yt = yt.streams.filter(progressive=True, file_extension='mp4').order_by('resolution').desc().first()\n","    if not os.path.exists(path):\n","        os.makedirs(path)\n","    yt.download(path)"],"metadata":{"id":"yKiZbsW24EYk"},"execution_count":null,"outputs":[]},{"cell_type":"code","source":["downloadYouTube('https://www.youtube.com/watch?v=YzcawvDGe4Y&t', './vid5')"],"metadata":{"id":"jy_WpTUW4Ft6","executionInfo":{"status":"error","timestamp":1654197888765,"user_tz":-330,"elapsed":1780,"user":{"displayName":"Sahan Ediriweera","userId":"10749579122675065975"}},"outputId":"bc0176be-1035-4899-e62e-17c1ea1bd990","colab":{"base_uri":"https://localhost:8080/","height":454}},"execution_count":null,"outputs":[{"output_type":"error","ename":"RegexMatchError","evalue":"ignored","traceback":["\u001b[0;31m---------------------------------------------------------------------------\u001b[0m","\u001b[0;31mRegexMatchError\u001b[0m                           Traceback (most recent call last)","\u001b[0;32m/usr/local/lib/python3.7/dist-packages/pytube/__main__.py\u001b[0m in \u001b[0;36mfmt_streams\u001b[0;34m(self)\u001b[0m\n\u001b[1;32m    180\u001b[0m         \u001b[0;32mtry\u001b[0m\u001b[0;34m:\u001b[0m\u001b[0;34m\u001b[0m\u001b[0;34m\u001b[0m\u001b[0m\n\u001b[0;32m--> 181\u001b[0;31m             \u001b[0mextract\u001b[0m\u001b[0;34m.\u001b[0m\u001b[0mapply_signature\u001b[0m\u001b[0;34m(\u001b[0m\u001b[0mstream_manifest\u001b[0m\u001b[0;34m,\u001b[0m \u001b[0mself\u001b[0m\u001b[0;34m.\u001b[0m\u001b[0mvid_info\u001b[0m\u001b[0;34m,\u001b[0m \u001b[0mself\u001b[0m\u001b[0;34m.\u001b[0m\u001b[0mjs\u001b[0m\u001b[0;34m)\u001b[0m\u001b[0;34m\u001b[0m\u001b[0;34m\u001b[0m\u001b[0m\n\u001b[0m\u001b[1;32m    182\u001b[0m         \u001b[0;32mexcept\u001b[0m \u001b[0mexceptions\u001b[0m\u001b[0;34m.\u001b[0m\u001b[0mExtractError\u001b[0m\u001b[0;34m:\u001b[0m\u001b[0;34m\u001b[0m\u001b[0;34m\u001b[0m\u001b[0m\n","\u001b[0;32m/usr/local/lib/python3.7/dist-packages/pytube/extract.py\u001b[0m in \u001b[0;36mapply_signature\u001b[0;34m(stream_manifest, vid_info, js)\u001b[0m\n\u001b[1;32m    408\u001b[0m     \"\"\"\n\u001b[0;32m--> 409\u001b[0;31m     \u001b[0mcipher\u001b[0m \u001b[0;34m=\u001b[0m \u001b[0mCipher\u001b[0m\u001b[0;34m(\u001b[0m\u001b[0mjs\u001b[0m\u001b[0;34m=\u001b[0m\u001b[0mjs\u001b[0m\u001b[0;34m)\u001b[0m\u001b[0;34m\u001b[0m\u001b[0;34m\u001b[0m\u001b[0m\n\u001b[0m\u001b[1;32m    410\u001b[0m \u001b[0;34m\u001b[0m\u001b[0m\n","\u001b[0;32m/usr/local/lib/python3.7/dist-packages/pytube/cipher.py\u001b[0m in \u001b[0;36m__init__\u001b[0;34m(self, js)\u001b[0m\n\u001b[1;32m     33\u001b[0m             raise RegexMatchError(\n\u001b[0;32m---> 34\u001b[0;31m                 \u001b[0mcaller\u001b[0m\u001b[0;34m=\u001b[0m\u001b[0;34m\"__init__\"\u001b[0m\u001b[0;34m,\u001b[0m \u001b[0mpattern\u001b[0m\u001b[0;34m=\u001b[0m\u001b[0mvar_regex\u001b[0m\u001b[0;34m.\u001b[0m\u001b[0mpattern\u001b[0m\u001b[0;34m\u001b[0m\u001b[0;34m\u001b[0m\u001b[0m\n\u001b[0m\u001b[1;32m     35\u001b[0m             )\n","\u001b[0;31mRegexMatchError\u001b[0m: __init__: could not find match for ^\\w+\\W","\nDuring handling of the above exception, another exception occurred:\n","\u001b[0;31mRegexMatchError\u001b[0m                           Traceback (most recent call last)","\u001b[0;32m<ipython-input-3-1a3e92bd20a8>\u001b[0m in \u001b[0;36m<module>\u001b[0;34m()\u001b[0m\n\u001b[0;32m----> 1\u001b[0;31m \u001b[0mdownloadYouTube\u001b[0m\u001b[0;34m(\u001b[0m\u001b[0;34m'https://www.youtube.com/watch?v=YzcawvDGe4Y&t'\u001b[0m\u001b[0;34m,\u001b[0m \u001b[0;34m'./vid5'\u001b[0m\u001b[0;34m)\u001b[0m\u001b[0;34m\u001b[0m\u001b[0;34m\u001b[0m\u001b[0m\n\u001b[0m","\u001b[0;32m<ipython-input-2-2b5f3abb3a2c>\u001b[0m in \u001b[0;36mdownloadYouTube\u001b[0;34m(videourl, path)\u001b[0m\n\u001b[1;32m      5\u001b[0m \u001b[0;34m\u001b[0m\u001b[0m\n\u001b[1;32m      6\u001b[0m     \u001b[0myt\u001b[0m \u001b[0;34m=\u001b[0m \u001b[0mYouTube\u001b[0m\u001b[0;34m(\u001b[0m\u001b[0mvideourl\u001b[0m\u001b[0;34m)\u001b[0m\u001b[0;34m\u001b[0m\u001b[0;34m\u001b[0m\u001b[0m\n\u001b[0;32m----> 7\u001b[0;31m     \u001b[0myt\u001b[0m \u001b[0;34m=\u001b[0m \u001b[0myt\u001b[0m\u001b[0;34m.\u001b[0m\u001b[0mstreams\u001b[0m\u001b[0;34m.\u001b[0m\u001b[0mfilter\u001b[0m\u001b[0;34m(\u001b[0m\u001b[0mprogressive\u001b[0m\u001b[0;34m=\u001b[0m\u001b[0;32mTrue\u001b[0m\u001b[0;34m,\u001b[0m \u001b[0mfile_extension\u001b[0m\u001b[0;34m=\u001b[0m\u001b[0;34m'mp4'\u001b[0m\u001b[0;34m)\u001b[0m\u001b[0;34m.\u001b[0m\u001b[0morder_by\u001b[0m\u001b[0;34m(\u001b[0m\u001b[0;34m'resolution'\u001b[0m\u001b[0;34m)\u001b[0m\u001b[0;34m.\u001b[0m\u001b[0mdesc\u001b[0m\u001b[0;34m(\u001b[0m\u001b[0;34m)\u001b[0m\u001b[0;34m.\u001b[0m\u001b[0mfirst\u001b[0m\u001b[0;34m(\u001b[0m\u001b[0;34m)\u001b[0m\u001b[0;34m\u001b[0m\u001b[0;34m\u001b[0m\u001b[0m\n\u001b[0m\u001b[1;32m      8\u001b[0m     \u001b[0;32mif\u001b[0m \u001b[0;32mnot\u001b[0m \u001b[0mos\u001b[0m\u001b[0;34m.\u001b[0m\u001b[0mpath\u001b[0m\u001b[0;34m.\u001b[0m\u001b[0mexists\u001b[0m\u001b[0;34m(\u001b[0m\u001b[0mpath\u001b[0m\u001b[0;34m)\u001b[0m\u001b[0;34m:\u001b[0m\u001b[0;34m\u001b[0m\u001b[0;34m\u001b[0m\u001b[0m\n\u001b[1;32m      9\u001b[0m         \u001b[0mos\u001b[0m\u001b[0;34m.\u001b[0m\u001b[0mmakedirs\u001b[0m\u001b[0;34m(\u001b[0m\u001b[0mpath\u001b[0m\u001b[0;34m)\u001b[0m\u001b[0;34m\u001b[0m\u001b[0;34m\u001b[0m\u001b[0m\n","\u001b[0;32m/usr/local/lib/python3.7/dist-packages/pytube/__main__.py\u001b[0m in \u001b[0;36mstreams\u001b[0;34m(self)\u001b[0m\n\u001b[1;32m    294\u001b[0m         \"\"\"\n\u001b[1;32m    295\u001b[0m         \u001b[0mself\u001b[0m\u001b[0;34m.\u001b[0m\u001b[0mcheck_availability\u001b[0m\u001b[0;34m(\u001b[0m\u001b[0;34m)\u001b[0m\u001b[0;34m\u001b[0m\u001b[0;34m\u001b[0m\u001b[0m\n\u001b[0;32m--> 296\u001b[0;31m         \u001b[0;32mreturn\u001b[0m \u001b[0mStreamQuery\u001b[0m\u001b[0;34m(\u001b[0m\u001b[0mself\u001b[0m\u001b[0;34m.\u001b[0m\u001b[0mfmt_streams\u001b[0m\u001b[0;34m)\u001b[0m\u001b[0;34m\u001b[0m\u001b[0;34m\u001b[0m\u001b[0m\n\u001b[0m\u001b[1;32m    297\u001b[0m \u001b[0;34m\u001b[0m\u001b[0m\n\u001b[1;32m    298\u001b[0m     \u001b[0;34m@\u001b[0m\u001b[0mproperty\u001b[0m\u001b[0;34m\u001b[0m\u001b[0;34m\u001b[0m\u001b[0m\n","\u001b[0;32m/usr/local/lib/python3.7/dist-packages/pytube/__main__.py\u001b[0m in \u001b[0;36mfmt_streams\u001b[0;34m(self)\u001b[0m\n\u001b[1;32m    186\u001b[0m             \u001b[0mpytube\u001b[0m\u001b[0;34m.\u001b[0m\u001b[0m__js__\u001b[0m \u001b[0;34m=\u001b[0m \u001b[0;32mNone\u001b[0m\u001b[0;34m\u001b[0m\u001b[0;34m\u001b[0m\u001b[0m\n\u001b[1;32m    187\u001b[0m             \u001b[0mpytube\u001b[0m\u001b[0;34m.\u001b[0m\u001b[0m__js_url__\u001b[0m \u001b[0;34m=\u001b[0m \u001b[0;32mNone\u001b[0m\u001b[0;34m\u001b[0m\u001b[0;34m\u001b[0m\u001b[0m\n\u001b[0;32m--> 188\u001b[0;31m             \u001b[0mextract\u001b[0m\u001b[0;34m.\u001b[0m\u001b[0mapply_signature\u001b[0m\u001b[0;34m(\u001b[0m\u001b[0mstream_manifest\u001b[0m\u001b[0;34m,\u001b[0m \u001b[0mself\u001b[0m\u001b[0;34m.\u001b[0m\u001b[0mvid_info\u001b[0m\u001b[0;34m,\u001b[0m \u001b[0mself\u001b[0m\u001b[0;34m.\u001b[0m\u001b[0mjs\u001b[0m\u001b[0;34m)\u001b[0m\u001b[0;34m\u001b[0m\u001b[0;34m\u001b[0m\u001b[0m\n\u001b[0m\u001b[1;32m    189\u001b[0m \u001b[0;34m\u001b[0m\u001b[0m\n\u001b[1;32m    190\u001b[0m         \u001b[0;31m# build instances of :class:`Stream <Stream>`\u001b[0m\u001b[0;34m\u001b[0m\u001b[0;34m\u001b[0m\u001b[0;34m\u001b[0m\u001b[0m\n","\u001b[0;32m/usr/local/lib/python3.7/dist-packages/pytube/extract.py\u001b[0m in \u001b[0;36mapply_signature\u001b[0;34m(stream_manifest, vid_info, js)\u001b[0m\n\u001b[1;32m    407\u001b[0m \u001b[0;34m\u001b[0m\u001b[0m\n\u001b[1;32m    408\u001b[0m     \"\"\"\n\u001b[0;32m--> 409\u001b[0;31m     \u001b[0mcipher\u001b[0m \u001b[0;34m=\u001b[0m \u001b[0mCipher\u001b[0m\u001b[0;34m(\u001b[0m\u001b[0mjs\u001b[0m\u001b[0;34m=\u001b[0m\u001b[0mjs\u001b[0m\u001b[0;34m)\u001b[0m\u001b[0;34m\u001b[0m\u001b[0;34m\u001b[0m\u001b[0m\n\u001b[0m\u001b[1;32m    410\u001b[0m \u001b[0;34m\u001b[0m\u001b[0m\n\u001b[1;32m    411\u001b[0m     \u001b[0;32mfor\u001b[0m \u001b[0mi\u001b[0m\u001b[0;34m,\u001b[0m \u001b[0mstream\u001b[0m \u001b[0;32min\u001b[0m \u001b[0menumerate\u001b[0m\u001b[0;34m(\u001b[0m\u001b[0mstream_manifest\u001b[0m\u001b[0;34m)\u001b[0m\u001b[0;34m:\u001b[0m\u001b[0;34m\u001b[0m\u001b[0;34m\u001b[0m\u001b[0m\n","\u001b[0;32m/usr/local/lib/python3.7/dist-packages/pytube/cipher.py\u001b[0m in \u001b[0;36m__init__\u001b[0;34m(self, js)\u001b[0m\n\u001b[1;32m     32\u001b[0m         \u001b[0;32mif\u001b[0m \u001b[0;32mnot\u001b[0m \u001b[0mvar_match\u001b[0m\u001b[0;34m:\u001b[0m\u001b[0;34m\u001b[0m\u001b[0;34m\u001b[0m\u001b[0m\n\u001b[1;32m     33\u001b[0m             raise RegexMatchError(\n\u001b[0;32m---> 34\u001b[0;31m                 \u001b[0mcaller\u001b[0m\u001b[0;34m=\u001b[0m\u001b[0;34m\"__init__\"\u001b[0m\u001b[0;34m,\u001b[0m \u001b[0mpattern\u001b[0m\u001b[0;34m=\u001b[0m\u001b[0mvar_regex\u001b[0m\u001b[0;34m.\u001b[0m\u001b[0mpattern\u001b[0m\u001b[0;34m\u001b[0m\u001b[0;34m\u001b[0m\u001b[0m\n\u001b[0m\u001b[1;32m     35\u001b[0m             )\n\u001b[1;32m     36\u001b[0m         \u001b[0mvar\u001b[0m \u001b[0;34m=\u001b[0m \u001b[0mvar_match\u001b[0m\u001b[0;34m.\u001b[0m\u001b[0mgroup\u001b[0m\u001b[0;34m(\u001b[0m\u001b[0;36m0\u001b[0m\u001b[0;34m)\u001b[0m\u001b[0;34m[\u001b[0m\u001b[0;34m:\u001b[0m\u001b[0;34m-\u001b[0m\u001b[0;36m1\u001b[0m\u001b[0;34m]\u001b[0m\u001b[0;34m\u001b[0m\u001b[0;34m\u001b[0m\u001b[0m\n","\u001b[0;31mRegexMatchError\u001b[0m: __init__: could not find match for ^\\w+\\W"]}]},{"cell_type":"code","execution_count":14,"metadata":{"id":"WKNvTV-73GVh","executionInfo":{"status":"ok","timestamp":1654234471148,"user_tz":-330,"elapsed":1605,"user":{"displayName":"Sahan Ediriweera","userId":"10749579122675065975"}}},"outputs":[],"source":["import torch\n","import torchvision\n","from PIL import Image\n","import numpy as np\n","from io import BytesIO\n","import requests\n","from torchvision import transforms as T\n","import matplotlib.pyplot as plt\n","import cv2\n","import random\n","import os\n","\n","COCO_INSTANCE_CATEGORY_NAMES = [\n","    '__background__', 'person', 'bicycle', 'car', 'motorcycle', 'airplane', 'bus',\n","    'train', 'truck', 'boat', 'traffic light', 'fire hydrant', 'N/A', 'stop sign',\n","    'parking meter', 'bench', 'bird', 'cat', 'dog', 'horse', 'sheep', 'cow',\n","    'elephant', 'bear', 'zebra', 'giraffe', 'N/A', 'backpack', 'umbrella', 'N/A', 'N/A',\n","    'handbag', 'tie', 'suitcase', 'frisbee', 'skis', 'snowboard', 'sports ball',\n","    'kite', 'baseball bat', 'baseball glove', 'skateboard', 'surfboard', 'tennis racket',\n","    'bottle', 'N/A', 'wine glass', 'cup', 'fork', 'knife', 'spoon', 'bowl',\n","    'banana', 'apple', 'sandwich', 'orange', 'broccoli', 'carrot', 'hot dog', 'pizza',\n","    'donut', 'cake', 'chair', 'couch', 'potted plant', 'bed', 'N/A', 'dining table',\n","    'N/A', 'N/A', 'toilet', 'N/A', 'tv', 'laptop', 'mouse', 'remote', 'keyboard', 'cell phone',\n","    'microwave', 'oven', 'toaster', 'sink', 'refrigerator', 'N/A', 'book',\n","    'clock', 'vase', 'scissors', 'teddy bear', 'hair drier', 'toothbrush'\n","]\n","\n","model = torchvision.models.detection.fasterrcnn_resnet50_fpn(pretrained=True)\n","model.eval()\n","\n","def get_prediction(img,threshold=0.5):\n","    transform = T.Compose([T.ToTensor()])\n","    img = transform(img)\n","    pred = model([img])\n","    pred_classes = [COCO_INSTANCE_CATEGORY_NAMES[i] for i in list(pred[0]['labels'].detach().numpy())]\n","    pred_boxes = [[(i[0],i[1]),(i[2],i[3])]for i in list(pred[0]['boxes'].cpu().numpy())]\n","    pred_score = list(pred[0]['scores'].detach().numpy())\n","    pred_t = [pred_score.index(x) for x in pred_score if x> threshold][-1]\n","    pred_box = pred_boxes[:pred_t+1]\n","    pred_class = pred_classes[:pred_t+1]\n","\n","    return pred_box, pred_class\n","\n","\n","def in_video_detection(vid_path,threshold = 0.5, rect_th = 1,text_size = 1,text_th =1, url = False):\n","    cap = cv2.VideoCapture(vid_path)\n","\n","    height = int(cap.get(cv2.CAP_PROP_FRAME_HEIGHT))\n","    width = int(cap.get(cv2.CAP_PROP_FRAME_WIDTH))\n","    fps = cap.get(cv2.CAP_PROP_FPS)\n","    fourcc = cv2.VideoWriter_fourcc(*'mp4v')\n","    now_frame = 0\n","    total_fps = 30*116\n","    video_writer = cv2.VideoWriter(os.path.join('data','output.mp4'),fourcc,fps,(width,height))\n","    while cap.isOpened():\n","        ret, frame = cap.read()\n","\n","        boxes, pred_clas = get_prediction(frame,threshold)\n","        for i in range(len(boxes)):\n","            if pred_clas[i] == 'person':\n","                x1,y1 = boxes[i][0]\n","                x2,y2 = boxes[i][1]\n","                x1 = int(x1)\n","                x2 = int(x2) \n","                y1 = int(y1)\n","                y2 = int(y2)\n","                r, g, b = (127, 0, 255) # Random Color\n","                cv2.rectangle(frame, (x1,y1), (x2,y2), color=(r, g, b), thickness=rect_th) # Draw Rectangle with the coordinates\n","                #cv2.putText(frame, pred_clas[i], (x1,y1), cv2.FONT_HERSHEY_SIMPLEX, text_size, (r, g, b), thickness=text_th)\n","        video_writer.write(frame)\n","        lev = (now_frame/total_fps)*100\n","        now_frame+=1\n","        print(f\" {lev} %\")\n","    video_writer.release()\n","    cap.release()\n","   \n","\n"]},{"cell_type":"code","source":["in_video_detection('./vid5.mp4',rect_th=5,text_th=4,text_size=5)"],"metadata":{"colab":{"base_uri":"https://localhost:8080/","height":341},"id":"1yjxliPT541C","outputId":"53362b1e-491a-4c33-9b36-963e751cebdd","executionInfo":{"status":"error","timestamp":1654234482391,"user_tz":-330,"elapsed":7009,"user":{"displayName":"Sahan Ediriweera","userId":"10749579122675065975"}}},"execution_count":15,"outputs":[{"output_type":"error","ename":"RuntimeError","evalue":"ignored","traceback":["\u001b[0;31m---------------------------------------------------------------------------\u001b[0m","\u001b[0;31mRuntimeError\u001b[0m                              Traceback (most recent call last)","\u001b[0;32m<ipython-input-15-1ce65ffae7a3>\u001b[0m in \u001b[0;36m<module>\u001b[0;34m()\u001b[0m\n\u001b[0;32m----> 1\u001b[0;31m \u001b[0min_video_detection\u001b[0m\u001b[0;34m(\u001b[0m\u001b[0;34m'./vid5.mp4'\u001b[0m\u001b[0;34m,\u001b[0m\u001b[0mrect_th\u001b[0m\u001b[0;34m=\u001b[0m\u001b[0;36m5\u001b[0m\u001b[0;34m,\u001b[0m\u001b[0mtext_th\u001b[0m\u001b[0;34m=\u001b[0m\u001b[0;36m4\u001b[0m\u001b[0;34m,\u001b[0m\u001b[0mtext_size\u001b[0m\u001b[0;34m=\u001b[0m\u001b[0;36m5\u001b[0m\u001b[0;34m)\u001b[0m\u001b[0;34m\u001b[0m\u001b[0;34m\u001b[0m\u001b[0m\n\u001b[0m","\u001b[0;32m<ipython-input-14-18a844986bbd>\u001b[0m in \u001b[0;36min_video_detection\u001b[0;34m(vid_path, threshold, rect_th, text_size, text_th, url)\u001b[0m\n\u001b[1;32m     56\u001b[0m         \u001b[0mret\u001b[0m\u001b[0;34m,\u001b[0m \u001b[0mframe\u001b[0m \u001b[0;34m=\u001b[0m \u001b[0mcap\u001b[0m\u001b[0;34m.\u001b[0m\u001b[0mread\u001b[0m\u001b[0;34m(\u001b[0m\u001b[0;34m)\u001b[0m\u001b[0;34m\u001b[0m\u001b[0;34m\u001b[0m\u001b[0m\n\u001b[1;32m     57\u001b[0m \u001b[0;34m\u001b[0m\u001b[0m\n\u001b[0;32m---> 58\u001b[0;31m         \u001b[0mboxes\u001b[0m\u001b[0;34m,\u001b[0m \u001b[0mpred_clas\u001b[0m \u001b[0;34m=\u001b[0m \u001b[0mget_prediction\u001b[0m\u001b[0;34m(\u001b[0m\u001b[0mframe\u001b[0m\u001b[0;34m,\u001b[0m\u001b[0mthreshold\u001b[0m\u001b[0;34m)\u001b[0m\u001b[0;34m\u001b[0m\u001b[0;34m\u001b[0m\u001b[0m\n\u001b[0m\u001b[1;32m     59\u001b[0m         \u001b[0;32mfor\u001b[0m \u001b[0mi\u001b[0m \u001b[0;32min\u001b[0m \u001b[0mrange\u001b[0m\u001b[0;34m(\u001b[0m\u001b[0mlen\u001b[0m\u001b[0;34m(\u001b[0m\u001b[0mboxes\u001b[0m\u001b[0;34m)\u001b[0m\u001b[0;34m)\u001b[0m\u001b[0;34m:\u001b[0m\u001b[0;34m\u001b[0m\u001b[0;34m\u001b[0m\u001b[0m\n\u001b[1;32m     60\u001b[0m             \u001b[0;32mif\u001b[0m \u001b[0mpred_clas\u001b[0m\u001b[0;34m[\u001b[0m\u001b[0mi\u001b[0m\u001b[0;34m]\u001b[0m \u001b[0;34m==\u001b[0m \u001b[0;34m'person'\u001b[0m\u001b[0;34m:\u001b[0m\u001b[0;34m\u001b[0m\u001b[0;34m\u001b[0m\u001b[0m\n","\u001b[0;32m<ipython-input-14-18a844986bbd>\u001b[0m in \u001b[0;36mget_prediction\u001b[0;34m(img, threshold)\u001b[0m\n\u001b[1;32m     34\u001b[0m     \u001b[0mpred\u001b[0m \u001b[0;34m=\u001b[0m \u001b[0mmodel\u001b[0m\u001b[0;34m(\u001b[0m\u001b[0;34m[\u001b[0m\u001b[0mimg\u001b[0m\u001b[0;34m]\u001b[0m\u001b[0;34m)\u001b[0m\u001b[0;34m\u001b[0m\u001b[0;34m\u001b[0m\u001b[0m\n\u001b[1;32m     35\u001b[0m     \u001b[0mpred_classes\u001b[0m \u001b[0;34m=\u001b[0m \u001b[0;34m[\u001b[0m\u001b[0mCOCO_INSTANCE_CATEGORY_NAMES\u001b[0m\u001b[0;34m[\u001b[0m\u001b[0mi\u001b[0m\u001b[0;34m]\u001b[0m \u001b[0;32mfor\u001b[0m \u001b[0mi\u001b[0m \u001b[0;32min\u001b[0m \u001b[0mlist\u001b[0m\u001b[0;34m(\u001b[0m\u001b[0mpred\u001b[0m\u001b[0;34m[\u001b[0m\u001b[0;36m0\u001b[0m\u001b[0;34m]\u001b[0m\u001b[0;34m[\u001b[0m\u001b[0;34m'labels'\u001b[0m\u001b[0;34m]\u001b[0m\u001b[0;34m.\u001b[0m\u001b[0mdetach\u001b[0m\u001b[0;34m(\u001b[0m\u001b[0;34m)\u001b[0m\u001b[0;34m.\u001b[0m\u001b[0mnumpy\u001b[0m\u001b[0;34m(\u001b[0m\u001b[0;34m)\u001b[0m\u001b[0;34m)\u001b[0m\u001b[0;34m]\u001b[0m\u001b[0;34m\u001b[0m\u001b[0;34m\u001b[0m\u001b[0m\n\u001b[0;32m---> 36\u001b[0;31m     \u001b[0mpred_boxes\u001b[0m \u001b[0;34m=\u001b[0m \u001b[0;34m[\u001b[0m\u001b[0;34m[\u001b[0m\u001b[0;34m(\u001b[0m\u001b[0mi\u001b[0m\u001b[0;34m[\u001b[0m\u001b[0;36m0\u001b[0m\u001b[0;34m]\u001b[0m\u001b[0;34m,\u001b[0m\u001b[0mi\u001b[0m\u001b[0;34m[\u001b[0m\u001b[0;36m1\u001b[0m\u001b[0;34m]\u001b[0m\u001b[0;34m)\u001b[0m\u001b[0;34m,\u001b[0m\u001b[0;34m(\u001b[0m\u001b[0mi\u001b[0m\u001b[0;34m[\u001b[0m\u001b[0;36m2\u001b[0m\u001b[0;34m]\u001b[0m\u001b[0;34m,\u001b[0m\u001b[0mi\u001b[0m\u001b[0;34m[\u001b[0m\u001b[0;36m3\u001b[0m\u001b[0;34m]\u001b[0m\u001b[0;34m)\u001b[0m\u001b[0;34m]\u001b[0m\u001b[0;32mfor\u001b[0m \u001b[0mi\u001b[0m \u001b[0;32min\u001b[0m \u001b[0mlist\u001b[0m\u001b[0;34m(\u001b[0m\u001b[0mpred\u001b[0m\u001b[0;34m[\u001b[0m\u001b[0;36m0\u001b[0m\u001b[0;34m]\u001b[0m\u001b[0;34m[\u001b[0m\u001b[0;34m'boxes'\u001b[0m\u001b[0;34m]\u001b[0m\u001b[0;34m.\u001b[0m\u001b[0mcpu\u001b[0m\u001b[0;34m(\u001b[0m\u001b[0;34m)\u001b[0m\u001b[0;34m.\u001b[0m\u001b[0mnumpy\u001b[0m\u001b[0;34m(\u001b[0m\u001b[0;34m)\u001b[0m\u001b[0;34m)\u001b[0m\u001b[0;34m]\u001b[0m\u001b[0;34m\u001b[0m\u001b[0;34m\u001b[0m\u001b[0m\n\u001b[0m\u001b[1;32m     37\u001b[0m     \u001b[0mpred_score\u001b[0m \u001b[0;34m=\u001b[0m \u001b[0mlist\u001b[0m\u001b[0;34m(\u001b[0m\u001b[0mpred\u001b[0m\u001b[0;34m[\u001b[0m\u001b[0;36m0\u001b[0m\u001b[0;34m]\u001b[0m\u001b[0;34m[\u001b[0m\u001b[0;34m'scores'\u001b[0m\u001b[0;34m]\u001b[0m\u001b[0;34m.\u001b[0m\u001b[0mdetach\u001b[0m\u001b[0;34m(\u001b[0m\u001b[0;34m)\u001b[0m\u001b[0;34m.\u001b[0m\u001b[0mnumpy\u001b[0m\u001b[0;34m(\u001b[0m\u001b[0;34m)\u001b[0m\u001b[0;34m)\u001b[0m\u001b[0;34m\u001b[0m\u001b[0;34m\u001b[0m\u001b[0m\n\u001b[1;32m     38\u001b[0m     \u001b[0mpred_t\u001b[0m \u001b[0;34m=\u001b[0m \u001b[0;34m[\u001b[0m\u001b[0mpred_score\u001b[0m\u001b[0;34m.\u001b[0m\u001b[0mindex\u001b[0m\u001b[0;34m(\u001b[0m\u001b[0mx\u001b[0m\u001b[0;34m)\u001b[0m \u001b[0;32mfor\u001b[0m \u001b[0mx\u001b[0m \u001b[0;32min\u001b[0m \u001b[0mpred_score\u001b[0m \u001b[0;32mif\u001b[0m \u001b[0mx\u001b[0m\u001b[0;34m>\u001b[0m \u001b[0mthreshold\u001b[0m\u001b[0;34m]\u001b[0m\u001b[0;34m[\u001b[0m\u001b[0;34m-\u001b[0m\u001b[0;36m1\u001b[0m\u001b[0;34m]\u001b[0m\u001b[0;34m\u001b[0m\u001b[0;34m\u001b[0m\u001b[0m\n","\u001b[0;31mRuntimeError\u001b[0m: Can't call numpy() on Tensor that requires grad. Use tensor.detach().numpy() instead."]}]}]}